auto_login.py:78: DeprecationWarning: use options instead of firefox_options
  driver = webdriver.Firefox(firefox_options=options) if headless else webdriver.Firefox()
auto_login.py:78: DeprecationWarning: use options instead of firefox_options
  driver = webdriver.Firefox(firefox_options=options) if headless else webdriver.Firefox()
auto_login.py:78: DeprecationWarning: use options instead of firefox_options
  driver = webdriver.Firefox(firefox_options=options) if headless else webdriver.Firefox()
auto_login.py:78: DeprecationWarning: use options instead of firefox_options
  driver = webdriver.Firefox(firefox_options=options) if headless else webdriver.Firefox()
auto_login.py:78: DeprecationWarning: use options instead of firefox_options
  driver = webdriver.Firefox(firefox_options=options) if headless else webdriver.Firefox()
Current time: 07-29 20:28
****************START ROTATION****************
No dungeon is avaliable to start for main character 101489
No dungeon is avaliable to speed up for main character 101489
****************END ROTATION****************
Next dungeon will start on : 21:44
Current time: 07-29 21:45
****************START ROTATION****************
****************END ROTATION****************
Next dungeon will start on : 04:51
Current time: 07-30 04:52
****************START ROTATION****************
No dungeon is avaliable to speed up for main character 101489
****************END ROTATION****************
Next dungeon will start on : 11:44
Current time: 07-30 11:45
****************START ROTATION****************
****************END ROTATION****************
Next dungeon will start on : 18:38
Current time: 07-30 18:39
****************START ROTATION****************
No dungeon is avaliable to speed up for main character 101489
Traceback (most recent call last):
  File "auto_login.py", line 127, in start_dungeon
    speed_up = driver.find_element_by_xpath('//input[@name="reduce_dungeon_time"]')
  File "/home/ubuntu/miniconda3/envs/wod/lib/python3.7/site-packages/selenium/webdriver/remote/webdriver.py", line 394, in find_element_by_xpath
    return self.find_element(by=By.XPATH, value=xpath)
  File "/home/ubuntu/miniconda3/envs/wod/lib/python3.7/site-packages/selenium/webdriver/remote/webdriver.py", line 978, in find_element
    'value': value})['value']
  File "/home/ubuntu/miniconda3/envs/wod/lib/python3.7/site-packages/selenium/webdriver/remote/webdriver.py", line 321, in execute
    self.error_handler.check_response(response)
  File "/home/ubuntu/miniconda3/envs/wod/lib/python3.7/site-packages/selenium/webdriver/remote/errorhandler.py", line 242, in check_response
    raise exception_class(message, screen, stacktrace)
selenium.common.exceptions.NoSuchElementException: Message: Unable to locate element: //input[@name="reduce_dungeon_time"]


During handling of the above exception, another exception occurred:

Traceback (most recent call last):
  File "auto_login.py", line 200, in <module>
    next_time = auto_rotation()
  File "auto_login.py", line 186, in auto_rotation
    avatars['Phaziben'], avatars['Frint'], avatars['Baggins'])
  File "auto_login.py", line 133, in start_dungeon
    next_time = driver.find_element_by_xpath('//span[@id="gadgetNextdungeonTime"]').get_attribute("innerHTML")[-5:]
  File "/home/ubuntu/miniconda3/envs/wod/lib/python3.7/site-packages/selenium/webdriver/remote/webdriver.py", line 394, in find_element_by_xpath
    return self.find_element(by=By.XPATH, value=xpath)
  File "/home/ubuntu/miniconda3/envs/wod/lib/python3.7/site-packages/selenium/webdriver/remote/webdriver.py", line 978, in find_element
    'value': value})['value']
  File "/home/ubuntu/miniconda3/envs/wod/lib/python3.7/site-packages/selenium/webdriver/remote/webdriver.py", line 321, in execute
    self.error_handler.check_response(response)
  File "/home/ubuntu/miniconda3/envs/wod/lib/python3.7/site-packages/selenium/webdriver/remote/errorhandler.py", line 242, in check_response
    raise exception_class(message, screen, stacktrace)
selenium.common.exceptions.NoSuchElementException: Message: Unable to locate element: //span[@id="gadgetNextdungeonTime"]

auto_login.py:78: DeprecationWarning: use options instead of firefox_options
  driver = webdriver.Firefox(firefox_options=options) if headless else webdriver.Firefox()
auto_login.py:78: DeprecationWarning: use options instead of firefox_options
  driver = webdriver.Firefox(firefox_options=options) if headless else webdriver.Firefox()
Current time: 07-31 09:38
****************START ROTATION****************
No dungeon is avaliable to start for main character 101489
No dungeon is avaliable to speed up for main character 101489
****************END ROTATION****************
Next dungeon will start on : 14:59
Current time: 07-31 15:00
****************START ROTATION****************
Traceback (most recent call last):
  File "auto_login.py", line 204, in <module>
    next_time = auto_rotation()
  File "auto_login.py", line 190, in auto_rotation
    avatars['Phaziben'], avatars['Frint'], avatars['Baggins'])
  File "auto_login.py", line 103, in start_dungeon
    driver.find_element_by_xpath(f'//input[@name="aktiv[{id}]"]').click()
  File "/home/ubuntu/miniconda3/envs/wod/lib/python3.7/site-packages/selenium/webdriver/remote/webdriver.py", line 394, in find_element_by_xpath
    return self.find_element(by=By.XPATH, value=xpath)
  File "/home/ubuntu/miniconda3/envs/wod/lib/python3.7/site-packages/selenium/webdriver/remote/webdriver.py", line 978, in find_element
    'value': value})['value']
  File "/home/ubuntu/miniconda3/envs/wod/lib/python3.7/site-packages/selenium/webdriver/remote/webdriver.py", line 321, in execute
    self.error_handler.check_response(response)
  File "/home/ubuntu/miniconda3/envs/wod/lib/python3.7/site-packages/selenium/webdriver/remote/errorhandler.py", line 242, in check_response
    raise exception_class(message, screen, stacktrace)
selenium.common.exceptions.NoSuchElementException: Message: Unable to locate element: //input[@name="aktiv[100555]"]

